#
# There is insufficient memory for the Java Runtime Environment to continue.
# Native memory allocation (mmap) failed to map 123731968 bytes for G1 virtual space
# Possible reasons:
#   The system is out of physical RAM or swap space
#   The process is running with CompressedOops enabled, and the Java Heap may be blocking the growth of the native heap
# Possible solutions:
#   Reduce memory load on the system
#   Increase physical memory or swap space
#   Check if swap backing store is full
#   Decrease Java heap size (-Xmx/-Xms)
#   Decrease number of Java threads
#   Decrease Java thread stack sizes (-Xss)
#   Set larger code cache with -XX:ReservedCodeCacheSize=
#   JVM is running with Unscaled Compressed Oops mode in which the Java heap is
#     placed in the first 4GB address space. The Java Heap base address is the
#     maximum limit for the native heap growth. Please use -XX:HeapBaseMinAddress
#     to set the Java Heap base and to place the Java Heap above 4GB virtual address.
# This output file may be truncated or incomplete.
#
#  Out of Memory Error (os_windows.cpp:3829), pid=22416, tid=15708
#
# JRE version:  (17.0.8+7) (build )
# Java VM: OpenJDK 64-Bit Server VM (17.0.8+7-b1000.22, mixed mode, sharing, tiered, compressed oops, compressed class ptrs, g1 gc, windows-amd64)
# No core dump will be written. Minidumps are not enabled by default on client versions of Windows
#

---------------  S U M M A R Y ------------

Command Line: git4idea.http.GitAskPassApp Username for 'https://github.com': 

Host: AMD Ryzen 3 4300U with Radeon Graphics         , 4 cores, 7G,  Windows 11 , 64 bit Build 22621 (10.0.22621.2215)
Time: Tue Oct 17 20:45:41 2023 RTZ 2 (s 11 , 64 bit Build 22621 (10.0.22621.2215) elapsed time: 0.019291 seconds (0d 0h 0m 0s)

---------------  T H R E A D  ---------------

Current thread (0x000002bfb43c3960):  JavaThread "Unknown thread" [_thread_in_vm, id=15708, stack(0x000000ee97000000,0x000000ee97100000)]

Stack: [0x000000ee97000000,0x000000ee97100000]
Native frames: (J=compiled Java code, j=interpreted, Vv=VM code, C=native code)
V  [jvm.dll+0x6852da]
V  [jvm.dll+0x844c84]
V  [jvm.dll+0x84659e]
V  [jvm.dll+0x846c03]
V  [jvm.dll+0x24b7cf]
V  [jvm.dll+0x682049]
V  [jvm.dll+0x67671a]
V  [jvm.dll+0x30be2b]
V  [jvm.dll+0x3132d6]
V  [jvm.dll+0x36302e]
V  [jvm.dll+0x36325f]
V  [jvm.dll+0x2e1f48]
V  [jvm.dll+0x2e2eb4]
V  [jvm.dll+0x815c11]
V  [jvm.dll+0x370df1]
V  [jvm.dll+0x7f4fdc]
V  [jvm.dll+0x3f3f1f]
V  [jvm.dll+0x3f5b31]
C  [jli.dll+0x528f]
C  [ucrtbase.dll+0x29363]
C  [KERNEL32.DLL+0x1257d]
C  [ntdll.dll+0x5aa68]


---------------  P R O C E S S  ---------------

Threads class SMR info:
_java_thread_list=0x00007ffd35460098, length=0, elements={
}

Java Threads: ( => current thread )

Other Threads:
  0x000002bfb4419990 GCTaskThread "GC Thread#0" [stack: 0x000000ee97100000,0x000000ee97200000] [id=14456]
  0x000002bfb44294a0 ConcurrentGCThread "G1 Main Marker" [stack: 0x000000ee97200000,0x000000ee97300000] [id=27704]
  0x000002bfb4429eb0 ConcurrentGCThread "G1 Conc#0" [stack: 0x000000ee97300000,0x000000ee97400000] [id=11140]

[error occurred during error reporting (printing all threads), id 0xc0000005, EXCEPTION_ACCESS_VIOLATION (0xc0000005) at pc=0x00007ffd34c12ab7]

VM state: not at safepoint (not fully initialized)

VM Mutex/Monitor currently owned by a thread:  ([mutex/lock_event])
[0x000002bfb43bf640] Heap_lock - owner thread: 0x000002bfb43c3960

Heap address: 0x000000008a200000, size: 1886 MB, Compressed Oops mode: 32-bit

CDS archive(s) mapped at: [0x0000000000000000-0x0000000000000000-0x0000000000000000), size 0, SharedBaseAddress: 0x0000000800000000, ArchiveRelocationMode: 1.
Narrow klass base: 0x0000000000000000, Narrow klass shift: 0, Narrow klass range: 0x0

GC Precious Log:
<Empty>

Heap:
 garbage-first heap   total 0K, used 0K [0x000000008a200000, 0x0000000100000000)
  region size 1024K, 0 young (0K), 0 survivors (0K)
 Metaspace       used 0K, committed 0K, reserved 0K
  class space    used 0K, committed 0K, reserved 0K

Heap Regions: E=young(eden), S=young(survivor), O=old, HS=humongous(starts), HC=humongous(continues), CS=collection set, F=free, OA=open archive, CA=closed archive, TAMS=top-at-mark-start (previous, next)

Card table byte_map: [0x000002bfc8d30000,0x000002bfc90e0000] _byte_map_base: 0x000002bfc88df000

Marking Bits (Prev, Next): (CMBitMap*) 0x000002bfb4419fb0, (CMBitMap*) 0x000002bfb4419ff0
 Prev Bits: [0x000002bfc9490000, 0x000002bfcb208000)
 Next Bits: [0x000002bfcb210000, 0x000002bfccf88000)

GC Heap History (0 events):
No events

Dll operation events (1 events):
Event: 0.012 Loaded shared library C:\Users\User\IntelliJ IDEA 2023.2\jbr\bin\java.dll

Deoptimization events (0 events):
No events

Classes unloaded (0 events):
No events

Classes redefined (0 events):
No events

Internal exceptions (0 events):
No events

VM Operations (0 events):
No events

Events (0 events):
No events


Dynamic libraries:
0x00007ff6f11d0000 - 0x00007ff6f11da000 	C:\Users\User\IntelliJ IDEA 2023.2\jbr\bin\java.exe
0x00007ffd73ab0000 - 0x00007ffd73cc4000 	C:\WINDOWS\SYSTEM32\ntdll.dll
0x00007ffd72ae0000 - 0x00007ffd72ba4000 	C:\WINDOWS\System32\KERNEL32.DLL
0x00007ffd71490000 - 0x00007ffd71834000 	C:\WINDOWS\System32\KERNELBASE.dll
0x00007ffd711c0000 - 0x00007ffd712d1000 	C:\WINDOWS\System32\ucrtbase.dll
0x00007ffd6bf40000 - 0x00007ffd6bf57000 	C:\Users\User\IntelliJ IDEA 2023.2\jbr\bin\jli.dll
0x00007ffd4bb80000 - 0x00007ffd4bb9b000 	C:\Users\User\IntelliJ IDEA 2023.2\jbr\bin\VCRUNTIME140.dll
0x00007ffd72bb0000 - 0x00007ffd72d5e000 	C:\WINDOWS\System32\USER32.dll
0x00007ffd549c0000 - 0x00007ffd54c53000 	C:\WINDOWS\WinSxS\amd64_microsoft.windows.common-controls_6595b64144ccf1df_6.0.22621.2215_none_270d72677387dfc3\COMCTL32.dll
0x00007ffd71020000 - 0x00007ffd71046000 	C:\WINDOWS\System32\win32u.dll
0x00007ffd71e60000 - 0x00007ffd71f07000 	C:\WINDOWS\System32\msvcrt.dll
0x00007ffd71d80000 - 0x00007ffd71da9000 	C:\WINDOWS\System32\GDI32.dll
0x00007ffd70f00000 - 0x00007ffd71018000 	C:\WINDOWS\System32\gdi32full.dll
0x00007ffd70e60000 - 0x00007ffd70efa000 	C:\WINDOWS\System32\msvcp_win.dll
0x00007ffd72070000 - 0x00007ffd720a1000 	C:\WINDOWS\System32\IMM32.DLL
0x00007ffd5d160000 - 0x00007ffd5d16c000 	C:\Users\User\IntelliJ IDEA 2023.2\jbr\bin\vcruntime140_1.dll
0x00007ffd29bd0000 - 0x00007ffd29c5d000 	C:\Users\User\IntelliJ IDEA 2023.2\jbr\bin\msvcp140.dll
0x00007ffd34920000 - 0x00007ffd355a3000 	C:\Users\User\IntelliJ IDEA 2023.2\jbr\bin\server\jvm.dll
0x00007ffd73280000 - 0x00007ffd73330000 	C:\WINDOWS\System32\ADVAPI32.dll
0x00007ffd71840000 - 0x00007ffd718e6000 	C:\WINDOWS\System32\sechost.dll
0x00007ffd73160000 - 0x00007ffd73277000 	C:\WINDOWS\System32\RPCRT4.dll
0x00007ffd70d30000 - 0x00007ffd70d7d000 	C:\WINDOWS\SYSTEM32\POWRPROF.dll
0x00007ffd6a750000 - 0x00007ffd6a759000 	C:\WINDOWS\SYSTEM32\WSOCK32.dll
0x00007ffd71f10000 - 0x00007ffd71f81000 	C:\WINDOWS\System32\WS2_32.dll
0x00007ffd68bc0000 - 0x00007ffd68bca000 	C:\WINDOWS\SYSTEM32\VERSION.dll
0x00007ffd69d30000 - 0x00007ffd69d64000 	C:\WINDOWS\SYSTEM32\WINMM.dll
0x00007ffd70d10000 - 0x00007ffd70d23000 	C:\WINDOWS\SYSTEM32\UMPDC.dll
0x00007ffd6fe20000 - 0x00007ffd6fe38000 	C:\WINDOWS\SYSTEM32\kernel.appcore.dll
0x00007ffd6df60000 - 0x00007ffd6df6a000 	C:\Users\User\IntelliJ IDEA 2023.2\jbr\bin\jimage.dll
0x00007ffd68070000 - 0x00007ffd6829e000 	C:\WINDOWS\SYSTEM32\DBGHELP.DLL
0x00007ffd718f0000 - 0x00007ffd71c7a000 	C:\WINDOWS\System32\combase.dll
0x00007ffd71f90000 - 0x00007ffd72067000 	C:\WINDOWS\System32\OLEAUT32.dll
0x00007ffd5aaa0000 - 0x00007ffd5aad2000 	C:\WINDOWS\SYSTEM32\dbgcore.DLL
0x00007ffd71350000 - 0x00007ffd713ca000 	C:\WINDOWS\System32\bcryptPrimitives.dll
0x00007ffd6c320000 - 0x00007ffd6c345000 	C:\Users\User\IntelliJ IDEA 2023.2\jbr\bin\java.dll

dbghelp: loaded successfully - version: 4.0.5 - missing functions: none
symbol engine: initialized successfully - sym options: 0x614 - pdb path: .;C:\Users\User\IntelliJ IDEA 2023.2\jbr\bin;C:\WINDOWS\SYSTEM32;C:\WINDOWS\WinSxS\amd64_microsoft.windows.common-controls_6595b64144ccf1df_6.0.22621.2215_none_270d72677387dfc3;C:\Users\User\IntelliJ IDEA 2023.2\jbr\bin\server

VM Arguments:
java_command: git4idea.http.GitAskPassApp Username for 'https://github.com': 
java_class_path (initial): C:/Users/User/IntelliJ IDEA 2023.2/plugins/vcs-git/lib/git4idea-rt.jar;C:/Users/User/IntelliJ IDEA 2023.2/lib/externalProcess-rt.jar
Launcher Type: SUN_STANDARD

[Global flags]
     intx CICompilerCount                          = 3                                         {product} {ergonomic}
     uint ConcGCThreads                            = 1                                         {product} {ergonomic}
     uint G1ConcRefinementThreads                  = 4                                         {product} {ergonomic}
   size_t G1HeapRegionSize                         = 1048576                                   {product} {ergonomic}
    uintx GCDrainStackTargetSize                   = 64                                        {product} {ergonomic}
   size_t InitialHeapSize                          = 123731968                                 {product} {ergonomic}
   size_t MarkStackSize                            = 4194304                                   {product} {ergonomic}
   size_t MaxHeapSize                              = 1977614336                                {product} {ergonomic}
   size_t MinHeapDeltaBytes                        = 1048576                                   {product} {ergonomic}
   size_t MinHeapSize                              = 8388608                                   {product} {ergonomic}
    uintx NonNMethodCodeHeapSize                   = 5832780                                {pd product} {ergonomic}
    uintx NonProfiledCodeHeapSize                  = 122912730                              {pd product} {ergonomic}
    uintx ProfiledCodeHeapSize                     = 122912730                              {pd product} {ergonomic}
    uintx ReservedCodeCacheSize                    = 251658240                              {pd product} {ergonomic}
     bool SegmentedCodeCache                       = true                                      {product} {ergonomic}
   size_t SoftMaxHeapSize                          = 1977614336                             {manageable} {ergonomic}
     bool UseCompressedClassPointers               = true                           {product lp64_product} {ergonomic}
     bool UseCompressedOops                        = true                           {product lp64_product} {ergonomic}
     bool UseG1GC                                  = true                                      {product} {ergonomic}
     bool UseLargePagesIndividualAllocation        = false                                  {pd product} {ergonomic}

Logging:
Log output configuration:
 #0: stdout all=warning uptime,level,tags
 #1: stderr all=off uptime,level,tags

Environment Variables:
PATH=C:\Program Files\Git\mingw64\libexec\git-core;C:\Program Files\Git\mingw64\libexec\git-core;C:\Program Files\Git\mingw64\bin;C:\Program Files\Git\usr\bin;C:\Users\User\bin;C:\WINDOWS\system32;C:\WINDOWS;C:\WINDOWS\System32\Wbem;C:\WINDOWS\System32\WindowsPowerShell\v1.0;C:\WINDOWS\System32\OpenSSH;C:\ProgramData\chocolatey\bin;C:\Program Files\nodejs;C:\Program Files\Git\cmd;C:\Program Files\MySQL\MySQL Shell 8.0\bin;C:\Users\User\AppData\Local\Microsoft\WindowsApps;C:\Program Files\JetBrains\WebStorm 2021.3\bin;C:\Users\User\AppData\Roaming\npm;C:\Users\User\AppData\Local\GitHubDesktop\bin
USERNAME=User
DISPLAY=:0.0
LC_ALL=en_US.UTF-8
TERM=xterm-256color
TMPDIR=C:\Users\User\AppData\Local\Temp
OS=Windows_NT
PROCESSOR_IDENTIFIER=AMD64 Family 23 Model 96 Stepping 1, AuthenticAMD
TMP=C:\Users\User\AppData\Local\Temp
TEMP=C:\Users\User\AppData\Local\Temp


JNI global refs:
JNI global refs: 0, weak refs: 0

JNI global refs memory usage: 0, weak refs: 0

OOME stack traces (most recent first):
Classloader memory used:


---------------  S Y S T E M  ---------------

OS:
 Windows 11 , 64 bit Build 22621 (10.0.22621.2215)
OS uptime: 13 days 17:55 hours
Hyper-V role detected

CPU: total 4 (initial active 4) (4 cores per cpu, 1 threads per core) family 23 model 96 stepping 1 microcode 0x0, cx8, cmov, fxsr, mmx, 3dnowpref, sse, sse2, sse3, ssse3, sse4a, sse4.1, sse4.2, popcnt, lzcnt, tsc, tscinvbit, avx, avx2, aes, clmul, bmi1, bmi2, adx, sha, fma, vzeroupper, clflush, clflushopt, hv
Processor Information for all 4 processors :
  Max Mhz: 2700, Current Mhz: 2700, Mhz Limit: 2700

Memory: 4k page, system-wide physical 7543M (392M free)
TotalPageFile size 25180M (AvailPageFile size 85M)
current process WorkingSet (physical memory assigned to process): 11M, peak: 11M
current process commit charge ("private bytes"): 52M, peak: 169M

vm_info: OpenJDK 64-Bit Server VM (17.0.8+7-b1000.22) for windows-amd64 JRE (17.0.8+7-b1000.22), built on 2023-09-02 by "builduser" with MS VC++ 16.10 / 16.11 (VS2019)

END.
